<?xml version="1.0" encoding="UTF-8"?>
<!-- Generated by org.testng.reporters.JUnitReportReporter -->
<testsuite hostname="Sravani" failures="0" tests="3" name="testngAnnotations.Dependency" time="0.004" errors="0" timestamp="18 Nov 2022 14:13:57 GMT" skipped="0">
  <testcase classname="testngAnnotations.Dependency" name="SignIn" time="0.000"/>
  <testcase classname="testngAnnotations.Dependency" name="OpenBrowser" time="0.003"/>
  <testcase classname="testngAnnotations.Dependency" name="LogOut" time="0.001"/>
</testsuite> <!-- testngAnnotations.Dependency -->
