<?xml version="1.0" encoding="UTF-8"?>
<!-- Generated by org.testng.reporters.JUnitReportReporter -->
<testsuite hostname="Sravani" failures="0" tests="4" name="testngAnnotations.Groups" time="0.004" errors="0" timestamp="18 Nov 2022 14:13:57 GMT" skipped="1">
  <testcase classname="testngAnnotations.Groups" name="testCase1" time="0.002"/>
  <testcase classname="testngAnnotations.Groups" name="testCase2" time="0.001"/>
  <testcase classname="testngAnnotations.Groups" name="testCase3" time="0.001"/>
  <testcase classname="testngAnnotations.Groups" name="testCase4">
    <skipped/>
  </testcase> <!-- testCase4 -->
</testsuite> <!-- testngAnnotations.Groups -->
