<?xml version="1.0" encoding="UTF-8"?>
<!-- Generated by org.testng.reporters.JUnitReportReporter -->
<testsuite hostname="Sravani" failures="0" tests="2" name="testngAnnotations.TestNGAnnotations" time="11.494" errors="0" timestamp="18 Nov 2022 14:13:57 GMT" skipped="1">
  <testcase classname="testngAnnotations.TestNGAnnotations" name="HrmForgotPassword" time="11.494"/>
  <testcase classname="testngAnnotations.TestNGAnnotations" name="HRMLogin">
    <skipped/>
  </testcase> <!-- HRMLogin -->
</testsuite> <!-- testngAnnotations.TestNGAnnotations -->
