<?xml version="1.0" encoding="UTF-8"?>
<!-- Generated by org.testng.reporters.JUnitReportReporter -->
<testsuite hostname="Sravani" failures="0" tests="3" name="testngAnnotations.TestCases" time="25.937" errors="0" timestamp="18 Nov 2022 14:13:57 GMT" skipped="0">
  <testcase classname="testngAnnotations.TestCases" name="webTable" time="0.869"/>
  <testcase classname="testngAnnotations.TestCases" name="resetPassword" time="10.003"/>
  <testcase classname="testngAnnotations.TestCases" name="hrmLogin" time="15.065"/>
</testsuite> <!-- testngAnnotations.TestCases -->
