<?xml version="1.0" encoding="UTF-8"?>
<!-- Generated by org.testng.reporters.JUnitReportReporter -->
<testsuite hostname="Sravani" failures="0" tests="3" name="testngAnnotations.TestCases" time="31.253" errors="0" timestamp="27 Dec 2022 10:22:12 GMT" skipped="0">
  <testcase classname="testngAnnotations.TestCases" name="webTable" time="0.938"/>
  <testcase classname="testngAnnotations.TestCases" name="resetPassword" time="12.287"/>
  <testcase classname="testngAnnotations.TestCases" name="hrmLogin" time="18.028"/>
</testsuite> <!-- testngAnnotations.TestCases -->
