<?xml version="1.0" encoding="UTF-8"?>
<!-- Generated by org.testng.reporters.JUnitReportReporter -->
<testsuite hostname="Sravani" failures="0" tests="3" name="testngAnnotations.Dependency" time="0.009" errors="0" timestamp="27 Dec 2022 10:22:12 GMT" skipped="0">
  <testcase classname="testngAnnotations.Dependency" name="OpenBrowser" time="0.007"/>
  <testcase classname="testngAnnotations.Dependency" name="SignIn" time="0.001"/>
  <testcase classname="testngAnnotations.Dependency" name="LogOut" time="0.001"/>
</testsuite> <!-- testngAnnotations.Dependency -->
