<?xml version="1.0" encoding="UTF-8"?>
<!-- Generated by org.testng.reporters.JUnitReportReporter -->
<testsuite hostname="Sravani" failures="0" tests="2" name="testngAnnotations.TestNGAnnotations" time="11.123" errors="0" timestamp="27 Dec 2022 10:22:12 GMT" skipped="1">
  <testcase classname="testngAnnotations.TestNGAnnotations" name="HrmForgotPassword" time="11.123"/>
  <testcase classname="testngAnnotations.TestNGAnnotations" name="HRMLogin">
    <skipped/>
  </testcase> <!-- HRMLogin -->
</testsuite> <!-- testngAnnotations.TestNGAnnotations -->
