<?xml version="1.0" encoding="UTF-8"?>
<!-- Generated by org.testng.reporters.JUnitReportReporter -->
<testsuite hostname="Sravani" failures="0" tests="4" name="testngAnnotations.priorities" time="0.015" errors="0" timestamp="27 Dec 2022 10:22:12 GMT" skipped="1">
  <testcase classname="testngAnnotations.priorities" name="registerAccount" time="0.001"/>
  <testcase classname="testngAnnotations.priorities" name="login" time="0.002"/>
  <testcase classname="testngAnnotations.priorities" name="sendEmail" time="0.012"/>
  <testcase classname="testngAnnotations.priorities" name="HrmLogin">
    <skipped/>
  </testcase> <!-- HrmLogin -->
</testsuite> <!-- testngAnnotations.priorities -->
