<?xml version="1.0" encoding="UTF-8"?>
<!-- Generated by org.testng.reporters.JUnitReportReporter -->
<testsuite hostname="Sravani" failures="0" tests="4" name="testngAnnotations.Groups" time="0.000" errors="0" timestamp="27 Dec 2022 10:22:12 GMT" skipped="1">
  <testcase classname="testngAnnotations.Groups" name="testCase2" time="0.000"/>
  <testcase classname="testngAnnotations.Groups" name="testCase3" time="0.000"/>
  <testcase classname="testngAnnotations.Groups" name="testCase1" time="0.000"/>
  <testcase classname="testngAnnotations.Groups" name="testCase4">
    <skipped/>
  </testcase> <!-- testCase4 -->
</testsuite> <!-- testngAnnotations.Groups -->
